<?xml version="1.0" encoding="UTF-8"?>
<coverage generated="1596842915750" clover="3.2.0">
  <project timestamp="1596842915750" name="All files">
    <metrics statements="2" coveredstatements="0" conditionals="0" coveredconditionals="0" methods="0" coveredmethods="0" elements="2" coveredelements="0" complexity="0" loc="2" ncloc="2" packages="1" files="2" classes="2"/>
    <file name="index.js" path="/Users/jeremylee/Documents/Projects/complete-react-course/king-clothing/src/index.js">
      <metrics statements="1" coveredstatements="0" conditionals="0" coveredconditionals="0" methods="0" coveredmethods="0"/>
      <line num="11" count="0" type="stmt"/>
    </file>
    <file name="setupTest.js" path="/Users/jeremylee/Documents/Projects/complete-react-course/king-clothing/src/setupTest.js">
      <metrics statements="1" coveredstatements="0" conditionals="0" coveredconditionals="0" methods="0" coveredmethods="0"/>
      <line num="4" count="0" type="stmt"/>
    </file>
  </project>
</coverage>
