{"/Users/jeremylee/Documents/Projects/complete-react-course/king-clothing/src/index.js": {"path":"/Users/jeremylee/Documents/Projects/complete-react-course/king-clothing/src/index.js","statementMap":{"0":{"start":{"line":11,"column":0},"end":{"line":18,"column":2}}},"fnMap":{},"branchMap":{},"s":{"0":0},"f":{},"b":{},"hash":"7b8b859b118a7e1218b70fe6f4253abaf0d87bfa"}
,"/Users/jeremylee/Documents/Projects/complete-react-course/king-clothing/src/setupTest.js": {"path":"/Users/jeremylee/Documents/Projects/complete-react-course/king-clothing/src/setupTest.js","statementMap":{"0":{"start":{"line":4,"column":0},"end":{"line":4,"column":38}}},"fnMap":{},"branchMap":{},"s":{"0":0},"f":{},"b":{},"hash":"fd8938c0cb6102bc33d1427e282799b5fc9af82d"}
}
